The system is: Android - 3.10.84-g9d4ce29 - armv7l
Compiling the CXX compiler identification source file "CMakeCXXCompilerId.cpp" succeeded.
Compiler: /data/data/com.termux/files/usr/bin/c++ 
Build flags: 
Id flags:  

The output was:
0


Compilation of the CXX compiler identification source "CMakeCXXCompilerId.cpp" produced "a.out"

The CXX compiler identification is Clang, found in "/data/data/com.termux/files/home/random_projects/misc_cmake_test/build/CMakeFiles/3.15.3/CompilerIdCXX/a.out"

Determining if the CXX compiler works passed with the following output:
Change Dir: /data/data/com.termux/files/home/random_projects/misc_cmake_test/build/CMakeFiles/CMakeTmp

Run Build Command(s):/data/data/com.termux/files/usr/bin/make cmTC_22495/fast && /data/data/com.termux/files/usr/bin/make -f CMakeFiles/cmTC_22495.dir/build.make CMakeFiles/cmTC_22495.dir/build
make[1]: Entering directory '/data/data/com.termux/files/home/random_projects/misc_cmake_test/build/CMakeFiles/CMakeTmp'
Building CXX object CMakeFiles/cmTC_22495.dir/testCXXCompiler.cxx.o
/data/data/com.termux/files/usr/bin/c++     -o CMakeFiles/cmTC_22495.dir/testCXXCompiler.cxx.o -c /data/data/com.termux/files/home/random_projects/misc_cmake_test/build/CMakeFiles/CMakeTmp/testCXXCompiler.cxx
Linking CXX executable cmTC_22495
/data/data/com.termux/files/usr/bin/cmake -E cmake_link_script CMakeFiles/cmTC_22495.dir/link.txt --verbose=1
/data/data/com.termux/files/usr/bin/c++       CMakeFiles/cmTC_22495.dir/testCXXCompiler.cxx.o  -o cmTC_22495 
make[1]: Leaving directory '/data/data/com.termux/files/home/random_projects/misc_cmake_test/build/CMakeFiles/CMakeTmp'



Detecting CXX compiler ABI info compiled with the following output:
Change Dir: /data/data/com.termux/files/home/random_projects/misc_cmake_test/build/CMakeFiles/CMakeTmp

Run Build Command(s):/data/data/com.termux/files/usr/bin/make cmTC_5862d/fast && /data/data/com.termux/files/usr/bin/make -f CMakeFiles/cmTC_5862d.dir/build.make CMakeFiles/cmTC_5862d.dir/build
make[1]: Entering directory '/data/data/com.termux/files/home/random_projects/misc_cmake_test/build/CMakeFiles/CMakeTmp'
Building CXX object CMakeFiles/cmTC_5862d.dir/CMakeCXXCompilerABI.cpp.o
/data/data/com.termux/files/usr/bin/c++    -v -o CMakeFiles/cmTC_5862d.dir/CMakeCXXCompilerABI.cpp.o -c /data/data/com.termux/files/usr/share/cmake-3.15/Modules/CMakeCXXCompilerABI.cpp
clang version 8.0.1 (tags/RELEASE_801/final)
Target: arm-unknown-linux-android
Thread model: posix
InstalledDir: /data/data/com.termux/files/usr/bin
 "/data/data/com.termux/files/usr/bin/clang-8" -cc1 -triple armv4t-unknown-linux-android -emit-obj -mrelax-all -disable-free -disable-llvm-verifier -discard-value-names -main-file-name CMakeCXXCompilerABI.cpp -mrelocation-model pic -pic-level 2 -pic-is-pie -mthread-model posix -mdisable-fp-elim -masm-verbose -mconstructor-aliases -fuse-init-array -target-cpu arm7tdmi -target-feature +soft-float -target-feature +soft-float-abi -target-feature -fp-only-sp -target-feature -d16 -target-feature -vfp2 -target-feature -vfp3 -target-feature -fp16 -target-feature -vfp4 -target-feature -fp-armv8 -target-feature -neon -target-feature -crypto -target-feature +strict-align -target-abi aapcs-linux -msoft-float -mfloat-abi soft -fallow-half-arguments-and-returns -dwarf-column-info -debugger-tuning=gdb -v -coverage-notes-file /data/data/com.termux/files/home/random_projects/misc_cmake_test/build/CMakeFiles/CMakeTmp/CMakeFiles/cmTC_5862d.dir/CMakeCXXCompilerABI.cpp.gcno -resource-dir /data/data/com.termux/files/usr/lib/clang/8.0.1 -internal-isystem /data/data/com.termux/files/usr/bin/../include/c++/v1 -internal-isystem /data/data/com.termux/files/usr/include/arm-linux-androideabi -internal-isystem /usr/local/include -internal-isystem /data/data/com.termux/files/usr/lib/clang/8.0.1/include -internal-externc-isystem /data/data/com.termux/files/usr/include -fdeprecated-macro -fdebug-compilation-dir /data/data/com.termux/files/home/random_projects/misc_cmake_test/build/CMakeFiles/CMakeTmp -ferror-limit 19 -fmessage-length 0 -fno-signed-char -fobjc-runtime=gcc -fcxx-exceptions -fexceptions -fdiagnostics-show-option -o CMakeFiles/cmTC_5862d.dir/CMakeCXXCompilerABI.cpp.o -x c++ /data/data/com.termux/files/usr/share/cmake-3.15/Modules/CMakeCXXCompilerABI.cpp
clang -cc1 version 8.0.1 based upon LLVM 8.0.1 default target arm-linux-androideabi
ignoring nonexistent directory "/usr/local/include"
#include "..." search starts here:
#include <...> search starts here:
 /data/data/com.termux/files/usr/bin/../include/c++/v1
 /data/data/com.termux/files/usr/include/arm-linux-androideabi
 /data/data/com.termux/files/usr/lib/clang/8.0.1/include
 /data/data/com.termux/files/usr/include
End of search list.
Linking CXX executable cmTC_5862d
/data/data/com.termux/files/usr/bin/cmake -E cmake_link_script CMakeFiles/cmTC_5862d.dir/link.txt --verbose=1
/data/data/com.termux/files/usr/bin/c++      -v CMakeFiles/cmTC_5862d.dir/CMakeCXXCompilerABI.cpp.o  -o cmTC_5862d 
clang version 8.0.1 (tags/RELEASE_801/final)
Target: arm-unknown-linux-android
Thread model: posix
InstalledDir: /data/data/com.termux/files/usr/bin
 "/data/data/com.termux/files/usr/bin/arm-linux-androideabi-ld" -pie -EL -z now -z relro -X --hash-style=both --enable-new-dtags --eh-frame-hdr -m armelf_linux_eabi -dynamic-linker /system/bin/linker -o cmTC_5862d /data/data/com.termux/files/usr/lib/crtbegin_dynamic.o -L/data/data/com.termux/files/usr/lib -L/data/data/com.termux/files/usr/bin/../lib -L/data/data/com.termux/files/usr/bin/../lib CMakeFiles/cmTC_5862d.dir/CMakeCXXCompilerABI.cpp.o -lc++_shared -lgcc -ldl -lm -lc -lgcc -ldl /data/data/com.termux/files/usr/lib/crtend_android.o
make[1]: Leaving directory '/data/data/com.termux/files/home/random_projects/misc_cmake_test/build/CMakeFiles/CMakeTmp'



Parsed CXX implicit include dir info from above output: rv=done
  found start of include info
  found start of implicit include info
    add: [/data/data/com.termux/files/usr/bin/../include/c++/v1]
    add: [/data/data/com.termux/files/usr/include/arm-linux-androideabi]
    add: [/data/data/com.termux/files/usr/lib/clang/8.0.1/include]
    add: [/data/data/com.termux/files/usr/include]
  end of search list found
  collapse include dir [/data/data/com.termux/files/usr/bin/../include/c++/v1] ==> [/data/data/com.termux/files/usr/include/c++/v1]
  collapse include dir [/data/data/com.termux/files/usr/include/arm-linux-androideabi] ==> [/data/data/com.termux/files/usr/include/arm-linux-androideabi]
  collapse include dir [/data/data/com.termux/files/usr/lib/clang/8.0.1/include] ==> [/data/data/com.termux/files/usr/lib/clang/8.0.1/include]
  collapse include dir [/data/data/com.termux/files/usr/include] ==> [/data/data/com.termux/files/usr/include]
  implicit include dirs: [/data/data/com.termux/files/usr/include/c++/v1;/data/data/com.termux/files/usr/include/arm-linux-androideabi;/data/data/com.termux/files/usr/lib/clang/8.0.1/include;/data/data/com.termux/files/usr/include]


Parsed CXX implicit link information from above output:
  link line regex: [^( *|.*[/\])(ld|CMAKE_LINK_STARTFILE-NOTFOUND|([^/\]+-)?ld|collect2)[^/\]*( |$)]
  ignore line: [Change Dir: /data/data/com.termux/files/home/random_projects/misc_cmake_test/build/CMakeFiles/CMakeTmp]
  ignore line: []
  ignore line: [Run Build Command(s):/data/data/com.termux/files/usr/bin/make cmTC_5862d/fast && /data/data/com.termux/files/usr/bin/make -f CMakeFiles/cmTC_5862d.dir/build.make CMakeFiles/cmTC_5862d.dir/build]
  ignore line: [make[1]: Entering directory '/data/data/com.termux/files/home/random_projects/misc_cmake_test/build/CMakeFiles/CMakeTmp']
  ignore line: [Building CXX object CMakeFiles/cmTC_5862d.dir/CMakeCXXCompilerABI.cpp.o]
  ignore line: [/data/data/com.termux/files/usr/bin/c++    -v -o CMakeFiles/cmTC_5862d.dir/CMakeCXXCompilerABI.cpp.o -c /data/data/com.termux/files/usr/share/cmake-3.15/Modules/CMakeCXXCompilerABI.cpp]
  ignore line: [clang version 8.0.1 (tags/RELEASE_801/final)]
  ignore line: [Target: arm-unknown-linux-android]
  ignore line: [Thread model: posix]
  ignore line: [InstalledDir: /data/data/com.termux/files/usr/bin]
  ignore line: [ "/data/data/com.termux/files/usr/bin/clang-8" -cc1 -triple armv4t-unknown-linux-android -emit-obj -mrelax-all -disable-free -disable-llvm-verifier -discard-value-names -main-file-name CMakeCXXCompilerABI.cpp -mrelocation-model pic -pic-level 2 -pic-is-pie -mthread-model posix -mdisable-fp-elim -masm-verbose -mconstructor-aliases -fuse-init-array -target-cpu arm7tdmi -target-feature +soft-float -target-feature +soft-float-abi -target-feature -fp-only-sp -target-feature -d16 -target-feature -vfp2 -target-feature -vfp3 -target-feature -fp16 -target-feature -vfp4 -target-feature -fp-armv8 -target-feature -neon -target-feature -crypto -target-feature +strict-align -target-abi aapcs-linux -msoft-float -mfloat-abi soft -fallow-half-arguments-and-returns -dwarf-column-info -debugger-tuning=gdb -v -coverage-notes-file /data/data/com.termux/files/home/random_projects/misc_cmake_test/build/CMakeFiles/CMakeTmp/CMakeFiles/cmTC_5862d.dir/CMakeCXXCompilerABI.cpp.gcno -resource-dir /data/data/com.termux/files/usr/lib/clang/8.0.1 -internal-isystem /data/data/com.termux/files/usr/bin/../include/c++/v1 -internal-isystem /data/data/com.termux/files/usr/include/arm-linux-androideabi -internal-isystem /usr/local/include -internal-isystem /data/data/com.termux/files/usr/lib/clang/8.0.1/include -internal-externc-isystem /data/data/com.termux/files/usr/include -fdeprecated-macro -fdebug-compilation-dir /data/data/com.termux/files/home/random_projects/misc_cmake_test/build/CMakeFiles/CMakeTmp -ferror-limit 19 -fmessage-length 0 -fno-signed-char -fobjc-runtime=gcc -fcxx-exceptions -fexceptions -fdiagnostics-show-option -o CMakeFiles/cmTC_5862d.dir/CMakeCXXCompilerABI.cpp.o -x c++ /data/data/com.termux/files/usr/share/cmake-3.15/Modules/CMakeCXXCompilerABI.cpp]
  ignore line: [clang -cc1 version 8.0.1 based upon LLVM 8.0.1 default target arm-linux-androideabi]
  ignore line: [ignoring nonexistent directory "/usr/local/include"]
  ignore line: [#include "..." search starts here:]
  ignore line: [#include <...> search starts here:]
  ignore line: [ /data/data/com.termux/files/usr/bin/../include/c++/v1]
  ignore line: [ /data/data/com.termux/files/usr/include/arm-linux-androideabi]
  ignore line: [ /data/data/com.termux/files/usr/lib/clang/8.0.1/include]
  ignore line: [ /data/data/com.termux/files/usr/include]
  ignore line: [End of search list.]
  ignore line: [Linking CXX executable cmTC_5862d]
  ignore line: [/data/data/com.termux/files/usr/bin/cmake -E cmake_link_script CMakeFiles/cmTC_5862d.dir/link.txt --verbose=1]
  ignore line: [/data/data/com.termux/files/usr/bin/c++      -v CMakeFiles/cmTC_5862d.dir/CMakeCXXCompilerABI.cpp.o  -o cmTC_5862d ]
  ignore line: [clang version 8.0.1 (tags/RELEASE_801/final)]
  ignore line: [Target: arm-unknown-linux-android]
  ignore line: [Thread model: posix]
  ignore line: [InstalledDir: /data/data/com.termux/files/usr/bin]
  link line: [ "/data/data/com.termux/files/usr/bin/arm-linux-androideabi-ld" -pie -EL -z now -z relro -X --hash-style=both --enable-new-dtags --eh-frame-hdr -m armelf_linux_eabi -dynamic-linker /system/bin/linker -o cmTC_5862d /data/data/com.termux/files/usr/lib/crtbegin_dynamic.o -L/data/data/com.termux/files/usr/lib -L/data/data/com.termux/files/usr/bin/../lib -L/data/data/com.termux/files/usr/bin/../lib CMakeFiles/cmTC_5862d.dir/CMakeCXXCompilerABI.cpp.o -lc++_shared -lgcc -ldl -lm -lc -lgcc -ldl /data/data/com.termux/files/usr/lib/crtend_android.o]
    arg [/data/data/com.termux/files/usr/bin/arm-linux-androideabi-ld] ==> ignore
    arg [-pie] ==> ignore
    arg [-EL] ==> ignore
    arg [-znow] ==> ignore
    arg [-zrelro] ==> ignore
    arg [-X] ==> ignore
    arg [--hash-style=both] ==> ignore
    arg [--enable-new-dtags] ==> ignore
    arg [--eh-frame-hdr] ==> ignore
    arg [-m] ==> ignore
    arg [armelf_linux_eabi] ==> ignore
    arg [-dynamic-linker] ==> ignore
    arg [/system/bin/linker] ==> ignore
    arg [-o] ==> ignore
    arg [cmTC_5862d] ==> ignore
    arg [/data/data/com.termux/files/usr/lib/crtbegin_dynamic.o] ==> ignore
    arg [-L/data/data/com.termux/files/usr/lib] ==> dir [/data/data/com.termux/files/usr/lib]
    arg [-L/data/data/com.termux/files/usr/bin/../lib] ==> dir [/data/data/com.termux/files/usr/bin/../lib]
    arg [-L/data/data/com.termux/files/usr/bin/../lib] ==> dir [/data/data/com.termux/files/usr/bin/../lib]
    arg [CMakeFiles/cmTC_5862d.dir/CMakeCXXCompilerABI.cpp.o] ==> ignore
    arg [-lc++_shared] ==> lib [c++_shared]
    arg [-lgcc] ==> lib [gcc]
    arg [-ldl] ==> lib [dl]
    arg [-lm] ==> lib [m]
    arg [-lc] ==> lib [c]
    arg [-lgcc] ==> lib [gcc]
    arg [-ldl] ==> lib [dl]
    arg [/data/data/com.termux/files/usr/lib/crtend_android.o] ==> ignore
  collapse library dir [/data/data/com.termux/files/usr/lib] ==> [/data/data/com.termux/files/usr/lib]
  collapse library dir [/data/data/com.termux/files/usr/bin/../lib] ==> [/data/data/com.termux/files/usr/lib]
  collapse library dir [/data/data/com.termux/files/usr/bin/../lib] ==> [/data/data/com.termux/files/usr/lib]
  implicit libs: [c++_shared;gcc;dl;m;c;gcc;dl]
  implicit dirs: [/data/data/com.termux/files/usr/lib]
  implicit fwks: []


